<?xml version="1.0" encoding="UTF-8"?>
<!-- Generated by org.testng.reporters.JUnitReportReporter -->
<testsuite skipped="0" hostname="192.168.0.102" name="com.mingliu.search.SearchTest" tests="1" failures="0" timestamp="2022-10-08T20:22:45 CST" time="7.921" errors="0">
  <testcase name="searchSong" time="7.921" classname="com.mingliu.search.SearchTest"/>
  <system-out/>
</testsuite> <!-- com.mingliu.search.SearchTest -->
