<?xml version="1.0" encoding="UTF-8"?>
<!-- Generated by org.testng.reporters.JUnitReportReporter -->
<testsuite skipped="0" hostname="192.168.0.102" name="com.mingliu.login.GuestLoginTest" tests="1" failures="0" timestamp="2022-10-09T10:01:17 CST" time="10.555" errors="0">
  <testcase name="guestLoginTest" time="10.555" classname="com.mingliu.login.GuestLoginTest"/>
  <system-out/>
</testsuite> <!-- com.mingliu.login.GuestLoginTest -->
